This is pdfTeX, Version 3.14159265-2.6-1.40.21 (TeX Live 2020) (preloaded format=pdflatex 2020.6.22)  9 AUG 2021 23:15
entering extended mode
 restricted \write18 enabled.
 file:line:error style messages enabled.
 %&-line parsing enabled.
**tp8.tex
(./tp8.tex
LaTeX2e <2020-02-02> patch level 5
L3 programming layer <2020-03-06>
(/usr/local/texlive/2020/texmf-dist/tex/latex/base/article.cls
Document Class: article 2019/12/20 v1.4l Standard LaTeX document class
(/usr/local/texlive/2020/texmf-dist/tex/latex/base/size12.clo
File: size12.clo 2019/12/20 v1.4l Standard LaTeX file (size option)
)
\c@part=\count167
\c@section=\count168
\c@subsection=\count169
\c@subsubsection=\count170
\c@paragraph=\count171
\c@subparagraph=\count172
\c@figure=\count173
\c@table=\count174
\abovecaptionskip=\skip47
\belowcaptionskip=\skip48
\bibindent=\dimen134
)
(/usr/local/texlive/2020/texmf-dist/tex/latex/geometry/geometry.sty
Package: geometry 2020/01/02 v5.9 Page Geometry

(/usr/local/texlive/2020/texmf-dist/tex/latex/graphics/keyval.sty
Package: keyval 2014/10/28 v1.15 key=value parser (DPC)
\KV@toks@=\toks15
)
(/usr/local/texlive/2020/texmf-dist/tex/generic/iftex/ifvtex.sty
Package: ifvtex 2019/10/25 v1.7 ifvtex legacy package. Use iftex instead.

(/usr/local/texlive/2020/texmf-dist/tex/generic/iftex/iftex.sty
Package: iftex 2020/03/06 v1.0d TeX engine tests
))
\Gm@cnth=\count175
\Gm@cntv=\count176
\c@Gm@tempcnt=\count177
\Gm@bindingoffset=\dimen135
\Gm@wd@mp=\dimen136
\Gm@odd@mp=\dimen137
\Gm@even@mp=\dimen138
\Gm@layoutwidth=\dimen139
\Gm@layoutheight=\dimen140
\Gm@layouthoffset=\dimen141
\Gm@layoutvoffset=\dimen142
\Gm@dimlist=\toks16
)
(/usr/local/texlive/2020/texmf-dist/tex/latex/graphics/graphicx.sty
Package: graphicx 2019/11/30 v1.2a Enhanced LaTeX Graphics (DPC,SPQR)

(/usr/local/texlive/2020/texmf-dist/tex/latex/graphics/graphics.sty
Package: graphics 2019/11/30 v1.4a Standard LaTeX Graphics (DPC,SPQR)

(/usr/local/texlive/2020/texmf-dist/tex/latex/graphics/trig.sty
Package: trig 2016/01/03 v1.10 sin cos tan (DPC)
)
(/usr/local/texlive/2020/texmf-dist/tex/latex/graphics-cfg/graphics.cfg
File: graphics.cfg 2016/06/04 v1.11 sample graphics configuration
)
Package graphics Info: Driver file: pdftex.def on input line 105.

(/usr/local/texlive/2020/texmf-dist/tex/latex/graphics-def/pdftex.def
File: pdftex.def 2018/01/08 v1.0l Graphics/color driver for pdftex
))
\Gin@req@height=\dimen143
\Gin@req@width=\dimen144
)
(/usr/local/texlive/2020/texmf-dist/tex/latex/url/url.sty
\Urlmuskip=\muskip16
Package: url 2013/09/16  ver 3.4  Verb mode for urls, etc.
)
(/usr/local/texlive/2020/texmf-dist/tex/latex/tools/multicol.sty
Package: multicol 2019/12/09 v1.8y multicolumn formatting (FMi)
\c@tracingmulticols=\count178
\mult@box=\box45
\multicol@leftmargin=\dimen145
\c@unbalance=\count179
\c@collectmore=\count180
\doublecol@number=\count181
\multicoltolerance=\count182
\multicolpretolerance=\count183
\full@width=\dimen146
\page@free=\dimen147
\premulticols=\dimen148
\postmulticols=\dimen149
\multicolsep=\skip49
\multicolbaselineskip=\skip50
\partial@page=\box46
\last@line=\box47
\maxbalancingoverflow=\dimen150
\mult@rightbox=\box48
\mult@grightbox=\box49
\mult@gfirstbox=\box50
\mult@firstbox=\box51
\@tempa=\box52
\@tempa=\box53
\@tempa=\box54
\@tempa=\box55
\@tempa=\box56
\@tempa=\box57
\@tempa=\box58
\@tempa=\box59
\@tempa=\box60
\@tempa=\box61
\@tempa=\box62
\@tempa=\box63
\@tempa=\box64
\@tempa=\box65
\@tempa=\box66
\@tempa=\box67
\@tempa=\box68
\@tempa=\box69
\@tempa=\box70
\@tempa=\box71
\@tempa=\box72
\@tempa=\box73
\@tempa=\box74
\@tempa=\box75
\@tempa=\box76
\@tempa=\box77
\@tempa=\box78
\@tempa=\box79
\@tempa=\box80
\@tempa=\box81
\@tempa=\box82
\@tempa=\box83
\@tempa=\box84
\@tempa=\box85
\@tempa=\box86
\@tempa=\box87
\@tempa=\box88
\c@minrows=\count184
\c@columnbadness=\count185
\c@finalcolumnbadness=\count186
\last@try=\dimen151
\multicolovershoot=\dimen152
\multicolundershoot=\dimen153
\mult@nat@firstbox=\box89
\colbreak@box=\box90
\mc@col@check@num=\count187
)
(/usr/local/texlive/2020/texmf-dist/tex/latex/hyperref/hyperref.sty
Package: hyperref 2020/01/14 v7.00d Hypertext links for LaTeX

(/usr/local/texlive/2020/texmf-dist/tex/generic/ltxcmds/ltxcmds.sty
Package: ltxcmds 2019/12/15 v1.24 LaTeX kernel commands for general use (HO)
)
(/usr/local/texlive/2020/texmf-dist/tex/latex/pdftexcmds/pdftexcmds.sty
Package: pdftexcmds 2019/11/24 v0.31 Utility functions of pdfTeX for LuaTeX (HO
)

(/usr/local/texlive/2020/texmf-dist/tex/generic/infwarerr/infwarerr.sty
Package: infwarerr 2019/12/03 v1.5 Providing info/warning/error messages (HO)
)
Package pdftexcmds Info: \pdf@primitive is available.
Package pdftexcmds Info: \pdf@ifprimitive is available.
Package pdftexcmds Info: \pdfdraftmode found.
)
(/usr/local/texlive/2020/texmf-dist/tex/generic/kvsetkeys/kvsetkeys.sty
Package: kvsetkeys 2019/12/15 v1.18 Key value parser (HO)
)
(/usr/local/texlive/2020/texmf-dist/tex/generic/kvdefinekeys/kvdefinekeys.sty
Package: kvdefinekeys 2019-12-19 v1.6 Define keys (HO)
)
(/usr/local/texlive/2020/texmf-dist/tex/generic/pdfescape/pdfescape.sty
Package: pdfescape 2019/12/09 v1.15 Implements pdfTeX's escape features (HO)
)
(/usr/local/texlive/2020/texmf-dist/tex/latex/hycolor/hycolor.sty
Package: hycolor 2020-01-27 v1.10 Color options for hyperref/bookmark (HO)
)
(/usr/local/texlive/2020/texmf-dist/tex/latex/letltxmacro/letltxmacro.sty
Package: letltxmacro 2019/12/03 v1.6 Let assignment for LaTeX macros (HO)
)
(/usr/local/texlive/2020/texmf-dist/tex/latex/auxhook/auxhook.sty
Package: auxhook 2019-12-17 v1.6 Hooks for auxiliary files (HO)
)
(/usr/local/texlive/2020/texmf-dist/tex/latex/kvoptions/kvoptions.sty
Package: kvoptions 2019/11/29 v3.13 Key value format for package options (HO)
)
\@linkdim=\dimen154
\Hy@linkcounter=\count188
\Hy@pagecounter=\count189

(/usr/local/texlive/2020/texmf-dist/tex/latex/hyperref/pd1enc.def
File: pd1enc.def 2020/01/14 v7.00d Hyperref: PDFDocEncoding definition (HO)
Now handling font encoding PD1 ...
... no UTF-8 mapping file for font encoding PD1
)
(/usr/local/texlive/2020/texmf-dist/tex/generic/intcalc/intcalc.sty
Package: intcalc 2019/12/15 v1.3 Expandable calculations with integers (HO)
)
(/usr/local/texlive/2020/texmf-dist/tex/generic/etexcmds/etexcmds.sty
Package: etexcmds 2019/12/15 v1.7 Avoid name clashes with e-TeX commands (HO)
)
\Hy@SavedSpaceFactor=\count190
Package hyperref Info: Hyper figures OFF on input line 4547.
Package hyperref Info: Link nesting OFF on input line 4552.
Package hyperref Info: Hyper index ON on input line 4555.
Package hyperref Info: Plain pages OFF on input line 4562.
Package hyperref Info: Backreferencing OFF on input line 4567.
Package hyperref Info: Implicit mode ON; LaTeX internals redefined.
Package hyperref Info: Bookmarks ON on input line 4800.
\c@Hy@tempcnt=\count191
LaTeX Info: Redefining \url on input line 5159.
\XeTeXLinkMargin=\dimen155

(/usr/local/texlive/2020/texmf-dist/tex/generic/bitset/bitset.sty
Package: bitset 2019/12/09 v1.3 Handle bit-vector datatype (HO)

(/usr/local/texlive/2020/texmf-dist/tex/generic/bigintcalc/bigintcalc.sty
Package: bigintcalc 2019/12/15 v1.5 Expandable calculations on big integers (HO
)
))
\Fld@menulength=\count192
\Field@Width=\dimen156
\Fld@charsize=\dimen157
Package hyperref Info: Hyper figures OFF on input line 6430.
Package hyperref Info: Link nesting OFF on input line 6435.
Package hyperref Info: Hyper index ON on input line 6438.
Package hyperref Info: backreferencing OFF on input line 6445.
Package hyperref Info: Link coloring OFF on input line 6450.
Package hyperref Info: Link coloring with OCG OFF on input line 6455.
Package hyperref Info: PDF/A mode OFF on input line 6460.
LaTeX Info: Redefining \ref on input line 6500.
LaTeX Info: Redefining \pageref on input line 6504.

(/usr/local/texlive/2020/texmf-dist/tex/generic/atbegshi/atbegshi.sty
Package: atbegshi 2019/12/05 v1.19 At begin shipout hook (HO)
)
\Hy@abspage=\count193
\c@Item=\count194
\c@Hfootnote=\count195
)
Package hyperref Info: Driver (autodetected): hpdftex.

(/usr/local/texlive/2020/texmf-dist/tex/latex/hyperref/hpdftex.def
File: hpdftex.def 2020/01/14 v7.00d Hyperref driver for pdfTeX

(/usr/local/texlive/2020/texmf-dist/tex/latex/atveryend/atveryend.sty
Package: atveryend 2019-12-11 v1.11 Hooks at the very end of document (HO)
Package atveryend Info: \enddocument detected (standard20110627).
)
\Fld@listcount=\count196
\c@bookmark@seq@number=\count197

(/usr/local/texlive/2020/texmf-dist/tex/latex/rerunfilecheck/rerunfilecheck.sty
Package: rerunfilecheck 2019/12/05 v1.9 Rerun checks for auxiliary files (HO)

(/usr/local/texlive/2020/texmf-dist/tex/generic/uniquecounter/uniquecounter.sty
Package: uniquecounter 2019/12/15 v1.4 Provide unlimited unique counter (HO)
)
Package uniquecounter Info: New unique counter `rerunfilecheck' on input line 2
86.
)
\Hy@SectionHShift=\skip51
) (/usr/local/texlive/2020/texmf-dist/tex/latex/float/float.sty
Package: float 2001/11/08 v1.3d Float enhancements (AL)
\c@float@type=\count198
\float@exts=\toks17
\float@box=\box91
\@float@everytoks=\toks18
\@floatcapt=\box92
)
(/usr/local/texlive/2020/texmf-dist/tex/latex/l3backend/l3backend-pdfmode.def
File: l3backend-pdfmode.def 2020-03-12 L3 backend support: PDF mode
\l__kernel_color_stack_int=\count199
\l__pdf_internal_box=\box93
)
(./tp8.aux)
\openout1 = `tp8.aux'.

LaTeX Font Info:    Checking defaults for OML/cmm/m/it on input line 9.
LaTeX Font Info:    ... okay on input line 9.
LaTeX Font Info:    Checking defaults for OMS/cmsy/m/n on input line 9.
LaTeX Font Info:    ... okay on input line 9.
LaTeX Font Info:    Checking defaults for OT1/cmr/m/n on input line 9.
LaTeX Font Info:    ... okay on input line 9.
LaTeX Font Info:    Checking defaults for T1/cmr/m/n on input line 9.
LaTeX Font Info:    ... okay on input line 9.
LaTeX Font Info:    Checking defaults for TS1/cmr/m/n on input line 9.
LaTeX Font Info:    ... okay on input line 9.
LaTeX Font Info:    Checking defaults for OMX/cmex/m/n on input line 9.
LaTeX Font Info:    ... okay on input line 9.
LaTeX Font Info:    Checking defaults for U/cmr/m/n on input line 9.
LaTeX Font Info:    ... okay on input line 9.
LaTeX Font Info:    Checking defaults for PD1/pdf/m/n on input line 9.
LaTeX Font Info:    ... okay on input line 9.

*geometry* driver: auto-detecting
*geometry* detected driver: pdftex
*geometry* verbose mode - [ preamble ] result:
* driver: pdftex
* paper: <default>
* layout: <same size as paper>
* layoutoffset:(h,v)=(0.0pt,0.0pt)
* modes: 
* h-part:(L,W,R)=(42.67912pt, 528.93675pt, 42.67912pt)
* v-part:(T,H,B)=(28.45274pt, 671.11987pt, 95.39737pt)
* \paperwidth=614.295pt
* \paperheight=794.96999pt
* \textwidth=528.93675pt
* \textheight=671.11987pt
* \oddsidemargin=-29.59087pt
* \evensidemargin=-29.59087pt
* \topmargin=-80.81725pt
* \headheight=12.0pt
* \headsep=25.0pt
* \topskip=12.0pt
* \footskip=30.0pt
* \marginparwidth=44.0pt
* \marginparsep=10.0pt
* \columnsep=10.0pt
* \skip\footins=10.8pt plus 4.0pt minus 2.0pt
* \hoffset=0.0pt
* \voffset=0.0pt
* \mag=1000
* \@twocolumnfalse
* \@twosidefalse
* \@mparswitchfalse
* \@reversemarginfalse
* (1in=72.27pt=25.4mm, 1cm=28.453pt)

(/usr/local/texlive/2020/texmf-dist/tex/context/base/mkii/supp-pdf.mkii
[Loading MPS to PDF converter (version 2006.09.02).]
\scratchcounter=\count266
\scratchdimen=\dimen158
\scratchbox=\box94
\nofMPsegments=\count267
\nofMParguments=\count268
\everyMPshowfont=\toks19
\MPscratchCnt=\count269
\MPscratchDim=\dimen159
\MPnumerator=\count270
\makeMPintoPDFobject=\count271
\everyMPtoPDFconversion=\toks20
) (/usr/local/texlive/2020/texmf-dist/tex/latex/epstopdf-pkg/epstopdf-base.sty
Package: epstopdf-base 2020-01-24 v2.11 Base part for package epstopdf
Package epstopdf-base Info: Redefining graphics rule for `.eps' on input line 4
85.

(/usr/local/texlive/2020/texmf-dist/tex/latex/latexconfig/epstopdf-sys.cfg
File: epstopdf-sys.cfg 2010/07/13 v1.3 Configuration of (r)epstopdf for TeX Liv
e
))
\AtBeginShipoutBox=\box95
Package hyperref Info: Link coloring OFF on input line 9.

(/usr/local/texlive/2020/texmf-dist/tex/latex/hyperref/nameref.sty
Package: nameref 2019/09/16 v2.46 Cross-referencing by name of section

(/usr/local/texlive/2020/texmf-dist/tex/latex/refcount/refcount.sty
Package: refcount 2019/12/15 v3.6 Data extraction from label references (HO)
)
(/usr/local/texlive/2020/texmf-dist/tex/generic/gettitlestring/gettitlestring.s
ty
Package: gettitlestring 2019/12/15 v1.6 Cleanup title references (HO)
)
\c@section@level=\count272
)
LaTeX Info: Redefining \ref on input line 9.
LaTeX Info: Redefining \pageref on input line 9.
LaTeX Info: Redefining \nameref on input line 9.
 (./tp8.out) (./tp8.out)
\@outlinefile=\write3
\openout3 = `tp8.out'.

LaTeX Font Info:    External font `cmex10' loaded for size
(Font)              <14.4> on input line 14.
LaTeX Font Info:    External font `cmex10' loaded for size
(Font)              <7> on input line 14.
<1.png, id=28, 849.1725pt x 577.15625pt>
File: 1.png Graphic file (type png)
<use 1.png>
Package pdftex.def Info: 1.png  used on input line 24.
(pdftex.def)             Requested size: 339.66298pt x 230.8584pt.
<2.png, id=30, 997.7275pt x 547.04375pt>
File: 2.png Graphic file (type png)
<use 2.png>
Package pdftex.def Info: 2.png  used on input line 33.
(pdftex.def)             Requested size: 399.08392pt x 218.81361pt.
 [1

{/usr/local/texlive/2020/texmf-var/fonts/map/pdftex/updmap/pdftex.map}pdfTeX wa
rning (ext4): destination with the same identifier (name{figure.1}) has been al
ready used, duplicate ignored

\AtBegShi@Output ...ipout \box \AtBeginShipoutBox 
                                                  \fi \fi 
l.35 \end{figure}
                  <./1.png>]
<Image9.png, id=43, 1321.93875pt x 540.0175pt>
File: Image9.png Graphic file (type png)
<use Image9.png>
Package pdftex.def Info: Image9.png  used on input line 40.
(pdftex.def)             Requested size: 528.76614pt x 216.00316pt.
<Image10.png, id=44, 961.5925pt x 425.59pt>
File: Image10.png Graphic file (type png)
<use Image10.png>
Package pdftex.def Info: Image10.png  used on input line 46.
(pdftex.def)             Requested size: 384.63019pt x 170.23297pt.
 [2pdfTeX warning (ext4): destination with the same identifier (name{figure.2})
 has been already used, duplicate ignored

\AtBegShi@Output ...ipout \box \AtBeginShipoutBox 
                                                  \fi \fi 
l.49 N
      ous créons un dictionnaire de mots de passe à l’aide de l’outil ...
pdfTeX warning (ext4): destination with the same identifier (name{figure.3}) ha
s been already used, duplicate ignored

\AtBegShi@Output ...ipout \box \AtBeginShipoutBox 
                                                  \fi \fi 
l.49 N
      ous créons un dictionnaire de mots de passe à l’aide de l’outil ...
 <./2.png> <./Image9.png>]
<Image11.png, id=53, 1144.275pt x 314.17375pt>
File: Image11.png Graphic file (type png)
<use Image11.png>
Package pdftex.def Info: Image11.png  used on input line 52.
(pdftex.def)             Requested size: 457.70189pt x 125.66727pt.
<Image12.png, id=54, 236.885pt x 120.45pt>
File: Image12.png Graphic file (type png)
<use Image12.png>
Package pdftex.def Info: Image12.png  used on input line 57.
(pdftex.def)             Requested size: 94.75232pt x 48.17914pt.
<Image13.png, id=55, 588.1975pt x 248.93pt>
File: Image13.png Graphic file (type png)
<use Image13.png>
Package pdftex.def Info: Image13.png  used on input line 62.
(pdftex.def)             Requested size: 235.27483pt x 99.57022pt.
<Image14.png, id=56, 956.57375pt x 382.42876pt>
File: Image14.png Graphic file (type png)
<use Image14.png>
Package pdftex.def Info: Image14.png  used on input line 68.
(pdftex.def)             Requested size: 382.62271pt x 152.96878pt.
 [3pdfTeX warning (ext4): destination with the same identifier (name{figure.4})
 has been already used, duplicate ignored

\AtBegShi@Output ...ipout \box \AtBeginShipoutBox 
                                                  \fi \fi 
l.69 \end{figure}
                 pdfTeX warning (ext4): destination with the same identifier (n
ame{figure.5}) has been already used, duplicate ignored

\AtBegShi@Output ...ipout \box \AtBeginShipoutBox 
                                                  \fi \fi 
l.69 \end{figure}
                 pdfTeX warning (ext4): destination with the same identifier (n
ame{figure.6}) has been already used, duplicate ignored

\AtBegShi@Output ...ipout \box \AtBeginShipoutBox 
                                                  \fi \fi 
l.69 \end{figure}
                 pdfTeX warning (ext4): destination with the same identifier (n
ame{figure.7}) has been already used, duplicate ignored

\AtBegShi@Output ...ipout \box \AtBeginShipoutBox 
                                                  \fi \fi 
l.69 \end{figure}
                  <./Image10.png> <./Image11.png> <./Image12.png> <./Image13.pn
g>]
<3.png, id=69, 1336.995pt x 443.6575pt>
File: 3.png Graphic file (type png)
<use 3.png>
Package pdftex.def Info: 3.png  used on input line 77.
(pdftex.def)             Requested size: 534.78853pt x 177.45984pt.

Overfull \hbox (5.85178pt too wide) in paragraph at lines 77--78
 [][] 
 []

<4.png, id=70, 1085.05376pt x 664.4825pt>
File: 4.png Graphic file (type png)
<use 4.png>
Package pdftex.def Info: 4.png  used on input line 89.
(pdftex.def)             Requested size: 434.01381pt x 265.78828pt.
[4pdfTeX warning (ext4): destination with the same identifier (name{figure.8}) 
has been already used, duplicate ignored

\AtBegShi@Output ...ipout \box \AtBeginShipoutBox 
                                                  \fi \fi 
l.92 
      <./Image14.png> <./3.png>]
<5.png, id=78, 1085.05376pt x 547.04375pt>
File: 5.png Graphic file (type png)
<use 5.png>
Package pdftex.def Info: 5.png  used on input line 97.
(pdftex.def)             Requested size: 434.01381pt x 218.81361pt.
<6.png, id=79, 1085.05376pt x 778.91pt>
File: 6.png Graphic file (type png)
<use 6.png>
Package pdftex.def Info: 6.png  used on input line 105.
(pdftex.def)             Requested size: 434.01381pt x 311.55849pt.
 [5pdfTeX warning (ext4): destination with the same identifier (name{figure.9})
 has been already used, duplicate ignored

\AtBegShi@Output ...ipout \box \AtBeginShipoutBox 
                                                  \fi \fi 
l.108 
      pdfTeX warning (ext4): destination with the same identifier (name{figure.
10}) has been already used, duplicate ignored

\AtBegShi@Output ...ipout \box \AtBeginShipoutBox 
                                                  \fi \fi 
l.108 
       <./4.png> <./5.png>]
<7.png, id=88, 1085.05376pt x 778.91pt>
File: 7.png Graphic file (type png)
<use 7.png>
Package pdftex.def Info: 7.png  used on input line 113.
(pdftex.def)             Requested size: 434.01381pt x 311.55849pt.
 [6pdfTeX warning (ext4): destination with the same identifier (name{figure.11}
) has been already used, duplicate ignored

\AtBegShi@Output ...ipout \box \AtBeginShipoutBox 
                                                  \fi \fi 
l.116 
       <./6.png>]
<9.png, id=95, 1085.05376pt x 379.4175pt>
File: 9.png Graphic file (type png)
<use 9.png>
Package pdftex.def Info: 9.png  used on input line 119.
(pdftex.def)             Requested size: 434.01381pt x 151.7643pt.
<8.png, id=96, 1085.05376pt x 730.73pt>
File: 8.png Graphic file (type png)
<use 8.png>
Package pdftex.def Info: 8.png  used on input line 127.
(pdftex.def)             Requested size: 434.01381pt x 292.28682pt.
 [7pdfTeX warning (ext4): destination with the same identifier (name{figure.12}
) has been already used, duplicate ignored

\AtBegShi@Output ...ipout \box \AtBeginShipoutBox 
                                                  \fi \fi 
l.130 
      pdfTeX warning (ext4): destination with the same identifier (name{figure.
13}) has been already used, duplicate ignored

\AtBegShi@Output ...ipout \box \AtBeginShipoutBox 
                                                  \fi \fi 
l.130 
       <./7.png> <./9.png>]
<10.png, id=106, 1349.04pt x 400.49625pt>
File: 10.png Graphic file (type png)
<use 10.png>
Package pdftex.def Info: 10.png  used on input line 135.
(pdftex.def)             Requested size: 539.60645pt x 160.19566pt.

Overfull \hbox (10.6697pt too wide) in paragraph at lines 135--136
 [][] 
 []

[8pdfTeX warning (ext4): destination with the same identifier (name{figure.14})
 has been already used, duplicate ignored

\AtBegShi@Output ...ipout \box \AtBeginShipoutBox 
                                                  \fi \fi 
l.141 
      pdfTeX warning (ext4): destination with the same identifier (name{figure.
15}) has been already used, duplicate ignored

\AtBegShi@Output ...ipout \box \AtBeginShipoutBox 
                                                  \fi \fi 
l.141 
       <./8.png> <./10.png>]
<11.png, id=115, 1230.5975pt x 815.045pt>
File: 11.png Graphic file (type png)
<use 11.png>
Package pdftex.def Info: 11.png  used on input line 144.
(pdftex.def)             Requested size: 492.23029pt x 326.01222pt.
<12.png, id=116, 930.47626pt x 498.86375pt>
File: 12.png Graphic file (type png)
<use 12.png>
Package pdftex.def Info: 12.png  used on input line 155.
(pdftex.def)             Requested size: 372.18391pt x 199.54196pt.
 [9pdfTeX warning (ext4): destination with the same identifier (name{figure.16}
) has been already used, duplicate ignored

\AtBegShi@Output ...ipout \box \AtBeginShipoutBox 
                                                  \fi \fi 
l.158 
       <./11.png>]
<13.png, id=123, 565.11125pt x 80.3pt>
File: 13.png Graphic file (type png)
<use 13.png>
Package pdftex.def Info: 13.png  used on input line 164.
(pdftex.def)             Requested size: 339.06937pt x 48.18036pt.
<14.png, id=124, 910.40125pt x 194.7275pt>
File: 14.png Graphic file (type png)
<use 14.png>
Package pdftex.def Info: 14.png  used on input line 169.
(pdftex.def)             Requested size: 364.15404pt x 77.8896pt.
<15.png, id=125, 919.435pt x 202.7575pt>
File: 15.png Graphic file (type png)
<use 15.png>
Package pdftex.def Info: 15.png  used on input line 177.
(pdftex.def)             Requested size: 367.76749pt x 81.10156pt.
<16.png, id=126, 611.28375pt x 203.76125pt>
File: 16.png Graphic file (type png)
<use 16.png>
Package pdftex.def Info: 16.png  used on input line 182.
(pdftex.def)             Requested size: 244.50917pt x 81.50305pt.
 [10pdfTeX warning (ext4): destination with the same identifier (name{figure.17
}) has been already used, duplicate ignored

\AtBegShi@Output ...ipout \box \AtBeginShipoutBox 
                                                  \fi \fi 
l.185 
      pdfTeX warning (ext4): destination with the same identifier (name{figure.
18}) has been already used, duplicate ignored

\AtBegShi@Output ...ipout \box \AtBeginShipoutBox 
                                                  \fi \fi 
l.185 
      pdfTeX warning (ext4): destination with the same identifier (name{figure.
19}) has been already used, duplicate ignored

\AtBegShi@Output ...ipout \box \AtBeginShipoutBox 
                                                  \fi \fi 
l.185 
      pdfTeX warning (ext4): destination with the same identifier (name{figure.
20}) has been already used, duplicate ignored

\AtBegShi@Output ...ipout \box \AtBeginShipoutBox 
                                                  \fi \fi 
l.185 
       <./12.png> <./13.png> <./14.png> <./15.png>]
File: 16.png Graphic file (type png)
<use 16.png>
Package pdftex.def Info: 16.png  used on input line 193.
(pdftex.def)             Requested size: 244.50917pt x 81.50305pt.
<17.png, id=139, 1469.49pt x 875.27pt>
File: 17.png Graphic file (type png)
<use 17.png>
Package pdftex.def Info: 17.png  used on input line 199.
(pdftex.def)             Requested size: 587.7856pt x 350.10179pt.

Overfull \hbox (58.84885pt too wide) in paragraph at lines 199--200
 [][] 
 []

[11pdfTeX warning (ext4): destination with the same identifier (name{figure.21}
) has been already used, duplicate ignored

\AtBegShi@Output ...ipout \box \AtBeginShipoutBox 
                                                  \fi \fi 
l.202 N
       ous copions le code source de la page. (Il est possible d’utiliser ...
pdfTeX warning (ext4): destination with the same identifier (name{figure.22}) h
as been already used, duplicate ignored

\AtBegShi@Output ...ipout \box \AtBeginShipoutBox 
                                                  \fi \fi 
l.202 N
       ous copions le code source de la page. (Il est possible d’utiliser ...
 <./16.png>]
<18.png, id=147, 939.51pt x 199.74625pt>
File: 18.png Graphic file (type png)
<use 18.png>
Package pdftex.def Info: 18.png  used on input line 205.
(pdftex.def)             Requested size: 281.85518pt x 59.92433pt.
<19.png, id=148, 1157.32375pt x 414.54875pt>
File: 19.png Graphic file (type png)
<use 19.png>
Package pdftex.def Info: 19.png  used on input line 211.
(pdftex.def)             Requested size: 462.9213pt x 165.81656pt.
 [12pdfTeX warning (ext4): destination with the same identifier (name{figure.23
}) has been already used, duplicate ignored

\AtBegShi@Output ...ipout \box \AtBeginShipoutBox 
                                                  \fi \fi 
l.214 E
       n cliquant sur le bouton, la victime se voit changer son mot de passe...
pdfTeX warning (ext4): destination with the same identifier (name{figure.24}) h
as been already used, duplicate ignored

\AtBegShi@Output ...ipout \box \AtBeginShipoutBox 
                                                  \fi \fi 
l.214 E
       n cliquant sur le bouton, la victime se voit changer son mot de passe...
 <./17.png> <./18.png>]
<20.png, id=157, 692.5875pt x 315.1775pt>
File: 20.png Graphic file (type png)
<use 20.png>
Package pdftex.def Info: 20.png  used on input line 217.
(pdftex.def)             Requested size: 277.03009pt x 126.06876pt.
<21.png, id=158, 904.37875pt x 562.1pt>
File: 21.png Graphic file (type png)
<use 21.png>
Package pdftex.def Info: 21.png  used on input line 223.
(pdftex.def)             Requested size: 361.7451pt x 224.83601pt.
 [13pdfTeX warning (ext4): destination with the same identifier (name{figure.25
}) has been already used, duplicate ignored

\AtBegShi@Output ...ipout \box \AtBeginShipoutBox 
                                                  \fi \fi 
l.226 
      pdfTeX warning (ext4): destination with the same identifier (name{figure.
26}) has been already used, duplicate ignored

\AtBegShi@Output ...ipout \box \AtBeginShipoutBox 
                                                  \fi \fi 
l.226 
       <./19.png> <./20.png>]
Package atveryend Info: Empty hook `BeforeClearDocument' on input line 227.
 [14pdfTeX warning (ext4): destination with the same identifier (name{figure.27
}) has been already used, duplicate ignored

\AtBegShi@Output ...ipout \box \AtBeginShipoutBox 
                                                  \fi \fi 
l.227 \end{document}
                     <./21.png>]
Package atveryend Info: Empty hook `AfterLastShipout' on input line 227.
 (./tp8.aux)
Package atveryend Info: Executing hook `AtVeryEndDocument' on input line 227.
Package atveryend Info: Executing hook `AtEndAfterFileList' on input line 227.
Package rerunfilecheck Info: File `tp8.out' has not changed.
(rerunfilecheck)             Checksum: A33F2D8F59C9B891BBBD3EF997B54797;326.
Package atveryend Info: Empty hook `AtVeryVeryEnd' on input line 227.
 ) 
Here is how much of TeX's memory you used:
 6045 strings out of 480608
 92070 string characters out of 5903630
 361121 words of memory out of 5000000
 21803 multiletter control sequences out of 15000+600000
 535369 words of font info for 34 fonts, out of 8000000 for 9000
 1141 hyphenation exceptions out of 8191
 34i,7n,29p,688b,332s stack positions out of 5000i,500n,10000p,200000b,80000s
</usr/local/texlive/2020/texmf-dist/fonts/type1/public/amsfonts/cm/cmbx10.pfb
></usr/local/texlive/2020/texmf-dist/fonts/type1/public/amsfonts/cm/cmbx12.pfb>
</usr/local/texlive/2020/texmf-dist/fonts/type1/public/amsfonts/cm/cmr10.pfb></
usr/local/texlive/2020/texmf-dist/fonts/type1/public/amsfonts/cm/cmr12.pfb></us
r/local/texlive/2020/texmf-dist/fonts/type1/public/amsfonts/cm/cmr17.pfb>
Output written on tp8.pdf (14 pages, 4415464 bytes).
PDF statistics:
 206 PDF objects out of 1000 (max. 8388607)
 129 compressed objects within 2 object streams
 48 named destinations out of 1000 (max. 500000)
 184 words of extra memory for PDF output out of 10000 (max. 10000000)

